<?xml version="1.0" encoding="UTF-8"?>
<!-- Generated by org.testng.reporters.JUnitXMLReporter -->
<testsuite ignored="0" hostname="Juans-MacBook-Pro.local" failures="0" tests="2" name="Default test" time="20.682" errors="0" timestamp="2022-06-16T17:41:55 CEST">
  <testcase classname="com.herokuapp.theinternet.NegativeTests" name="incorrectPasswordTest" time="11.292"/>
  <testcase classname="com.herokuapp.theinternet.NegativeTests" name="incorrectUsernameTest" time="9.335"/>
</testsuite> <!-- Default test -->
