<?xml version="1.0" encoding="UTF-8"?>
<!-- Generated by org.testng.reporters.JUnitXMLReporter -->
<testsuite ignored="0" hostname="Juans-MacBook-Pro.local" failures="0" tests="2" name="NegativeTests" time="19.747" errors="0" timestamp="2022-06-17T09:47:18 CEST">
  <testcase classname="com.herokuapp.theinternet.NegativeTests" name="incorrectUsernameTest" time="10.886"/>
  <testcase classname="com.herokuapp.theinternet.NegativeTests" name="incorrectPasswordTest" time="8.852"/>
</testsuite> <!-- NegativeTests -->
