<?xml version="1.0" encoding="UTF-8"?>
<testng-results ignored="0" total="1" passed="1" failed="0" skipped="0">
  <reporter-output>
  </reporter-output>
  <suite started-at="2022-06-16T14:46:09 CEST" name="Surefire suite" finished-at="2022-06-16T14:46:33 CEST" duration-ms="23691">
    <groups>
    </groups>
    <test started-at="2022-06-16T14:46:09 CEST" name="Surefire test" finished-at="2022-06-16T14:46:33 CEST" duration-ms="23691">
      <class name="com.herokuapp.theinternet.PositiveTests">
        <test-method signature="loginTest()[pri:0, instance:com.herokuapp.theinternet.PositiveTests@4ba2ca36]" started-at="2022-06-16T14:46:09 CEST" name="loginTest" finished-at="2022-06-16T14:46:33 CEST" duration-ms="23652" status="PASS">
          <reporter-output>
          </reporter-output>
        </test-method> <!-- loginTest -->
      </class> <!-- com.herokuapp.theinternet.PositiveTests -->
    </test> <!-- Surefire test -->
  </suite> <!-- Surefire suite -->
</testng-results>
