<?xml version="1.0" encoding="UTF-8"?>
<testng-results ignored="0" total="2" passed="2" failed="0" skipped="0">
  <reporter-output>
  </reporter-output>
  <suite started-at="2022-06-17T17:47:48 CEST" name="NegativeTests" finished-at="2022-06-17T17:48:11 CEST" duration-ms="22616">
    <groups>
      <group name="smokeTests">
        <method signature="NegativeTests.negativeLoginTest(java.lang.String,java.lang.String,java.lang.String)[pri:1, instance:com.herokuapp.theinternet.NegativeTests@6b26e945]" name="negativeLoginTest" class="com.herokuapp.theinternet.NegativeTests"/>
        <method signature="NegativeTests.negativeLoginTest(java.lang.String,java.lang.String,java.lang.String)[pri:1, instance:com.herokuapp.theinternet.NegativeTests@69b2283a]" name="negativeLoginTest" class="com.herokuapp.theinternet.NegativeTests"/>
      </group> <!-- smokeTests -->
      <group name="negativeTests">
        <method signature="NegativeTests.negativeLoginTest(java.lang.String,java.lang.String,java.lang.String)[pri:1, instance:com.herokuapp.theinternet.NegativeTests@6b26e945]" name="negativeLoginTest" class="com.herokuapp.theinternet.NegativeTests"/>
        <method signature="NegativeTests.negativeLoginTest(java.lang.String,java.lang.String,java.lang.String)[pri:1, instance:com.herokuapp.theinternet.NegativeTests@69b2283a]" name="negativeLoginTest" class="com.herokuapp.theinternet.NegativeTests"/>
      </group> <!-- negativeTests -->
    </groups>
    <test started-at="2022-06-17T17:47:48 CEST" name="NegativeUsernameTests" finished-at="2022-06-17T17:48:01 CEST" duration-ms="13148">
      <class name="com.herokuapp.theinternet.NegativeTests">
        <test-method signature="negativeLoginTest(java.lang.String,java.lang.String,java.lang.String)[pri:1, instance:com.herokuapp.theinternet.NegativeTests@6b26e945]" started-at="2022-06-17T17:47:48 CEST" name="negativeLoginTest" finished-at="2022-06-17T17:48:01 CEST" duration-ms="13099" status="PASS">
          <params>
            <param index="0">
              <value>
                <![CDATA[IncorrectUser]]>
              </value>
            </param>
            <param index="1">
              <value>
                <![CDATA[SuperSecretPassword]]>
              </value>
            </param>
            <param index="2">
              <value>
                <![CDATA[Your username is invalid!]]>
              </value>
            </param>
          </params>
          <reporter-output>
          </reporter-output>
        </test-method> <!-- negativeLoginTest -->
      </class> <!-- com.herokuapp.theinternet.NegativeTests -->
    </test> <!-- NegativeUsernameTests -->
    <test started-at="2022-06-17T17:48:01 CEST" name="NegativePasswordTests" finished-at="2022-06-17T17:48:11 CEST" duration-ms="9418">
      <class name="com.herokuapp.theinternet.NegativeTests">
        <test-method signature="negativeLoginTest(java.lang.String,java.lang.String,java.lang.String)[pri:1, instance:com.herokuapp.theinternet.NegativeTests@69b2283a]" started-at="2022-06-17T17:48:01 CEST" name="negativeLoginTest" finished-at="2022-06-17T17:48:11 CEST" duration-ms="9414" status="PASS">
          <params>
            <param index="0">
              <value>
                <![CDATA[tomsmith]]>
              </value>
            </param>
            <param index="1">
              <value>
                <![CDATA[IncorrectPaswword]]>
              </value>
            </param>
            <param index="2">
              <value>
                <![CDATA[Your password is invalid!]]>
              </value>
            </param>
          </params>
          <reporter-output>
          </reporter-output>
        </test-method> <!-- negativeLoginTest -->
      </class> <!-- com.herokuapp.theinternet.NegativeTests -->
    </test> <!-- NegativePasswordTests -->
  </suite> <!-- NegativeTests -->
</testng-results>
